2025-10-27 15:30:16,513 DEBUG    root            Loaded Command Group: ['gcloud', 'config']
2025-10-27 15:30:16,679 DEBUG    root            Loaded Command Group: ['gcloud', 'config', 'config_helper']
2025-10-27 15:30:16,682 DEBUG    root            Running [gcloud.config.config-helper] with arguments: [--format: "json", --min-expiry: "1800"]
2025-10-27 15:30:17,157 DEBUG    google.auth.transport.requests Making request: GET http://metadata.google.internal/computeMetadata/v1/instance/service-accounts/418625495185-compute@developer.gserviceaccount.com/?recursive=true
2025-10-27 15:30:17,201 DEBUG    urllib3.connectionpool Starting new HTTP connection (1): metadata.google.internal:80
2025-10-27 15:30:17,203 DEBUG    urllib3.connectionpool http://metadata.google.internal:80 "GET /computeMetadata/v1/instance/service-accounts/418625495185-compute@developer.gserviceaccount.com/?recursive=true HTTP/11" 200 154
2025-10-27 15:30:17,258 DEBUG    google.auth.transport.requests Making request: GET http://metadata.google.internal/computeMetadata/v1/instance/service-accounts/418625495185-compute@developer.gserviceaccount.com/token
2025-10-27 15:30:17,260 DEBUG    urllib3.connectionpool http://metadata.google.internal:80 "GET /computeMetadata/v1/instance/service-accounts/418625495185-compute@developer.gserviceaccount.com/token HTTP/11" 200 870
2025-10-27 15:30:17,298 DEBUG    google.auth.transport.requests Making request: GET http://metadata.google.internal/computeMetadata/v1/instance/service-accounts/418625495185-compute@developer.gserviceaccount.com/?recursive=true
2025-10-27 15:30:17,299 DEBUG    urllib3.connectionpool Starting new HTTP connection (1): metadata.google.internal:80
2025-10-27 15:30:17,301 DEBUG    urllib3.connectionpool http://metadata.google.internal:80 "GET /computeMetadata/v1/instance/service-accounts/418625495185-compute@developer.gserviceaccount.com/?recursive=true HTTP/11" 200 154
2025-10-27 15:30:17,301 DEBUG    google.auth.transport.requests Making request: GET http://metadata.google.internal/computeMetadata/v1/instance/service-accounts/418625495185-compute@developer.gserviceaccount.com/token?scopes=https%3A%2F%2Fwww.googleapis.com%2Fauth%2Fcloud-platform%2Chttps%3A%2F%2Fwww.googleapis.com%2Fauth%2Fuserinfo.email
2025-10-27 15:30:17,303 DEBUG    urllib3.connectionpool http://metadata.google.internal:80 "GET /computeMetadata/v1/instance/service-accounts/418625495185-compute@developer.gserviceaccount.com/token?scopes=https%3A%2F%2Fwww.googleapis.com%2Fauth%2Fcloud-platform%2Chttps%3A%2F%2Fwww.googleapis.com%2Fauth%2Fuserinfo.email HTTP/11" 200 870
2025-10-27 15:30:17,325 DEBUG    root            Chosen display Format:default json
2025-10-27 15:30:17,325 INFO     root            Display format: "default json"
2025-10-27 15:30:17,566 INFO     ___FILE_ONLY___ {
  "configuration": {
    "active_configuration": "default",
    "properties": {
      "core": {
        "account": "418625495185-compute@developer.gserviceaccount.com",
        "disable_usage_reporting": "True",
        "project": "warm-access-473514-i7"
      }
    }
  },
  "credential": {
    "access_token": "ya29.c.c0ASRK0GZM7rjxg1W_UihNLOD9qc2x17-R1og4XislJ9NrGMpkT4W_ml749dRqEiDFYixCPW5rSKHEp_cehkALK3OS9Ww58brUouaBPTSfWHg45Uko2_EK97zMBurIOT3sRevKZ9Bk_30s19mawqIPlr6E4dMlZthoh9O1RiEkrp_DD4DpiiwogzWFzqYJSP3CQuqGxwKV2cGobcRCb3MEifWKa0by-yj_16J3HPJK54o3UIF9lZ6F0sFKM_U5fEvTcyp14JIwLU5Z8FEu_d6-Yke3dIbdnwdOI6hU0OeaR67RcvU9eDblN61EcTPytHzAqWAkuM5nzQdL5fG6bXMV4o_WLF9G-zJJ_w50Lrq0A_2i8pA_LsEEa9kGGSQ_iCeM10p4rGdTxgWHoz-XtafIUgE415KRYUaQZj4-Rlm6iac67JWgBXRU73j4B-OaVIQI4zVrkmaWVuY4mnm3BXngeknxfzMSbqcQdcryhf-kW919cMwBlx6x-pfWramF04zw-qbwoXp6oh7x5WYpl6RcUkvM_64YpWbwFlI1k1vl5F99WFFX1bm0k30q36bMbprshIyIoovfoe20RgyfVbVoa4qbmtW3ayngfex4mxYXqtFvx_ck6kBS7Z-FqRfxW-ZwOxzbIRWxpkofboV6SxvXJQ0xwzVgU5nplfiUW4z3xjbiJ4p8mlJ9S0eauwnSz_jpUbsS0Q4XU3hIUF1iajYYplYeZxVySc8oviu_SopkngZSRXyUkoq0Fm6c4ku7fOO6WYZ9ccnR6vdml_dvwhhacc7FF3zrw--lQ3Z3oall-4qyUf3nIhyg78w3onsftncmYp8Bs3dujSVz-UmSfqm0czyV9ol76n_gy5JShzWae7hUIvvpS6haWh-10VBwdYuXjnucrxoYX016fSQWfF0XdMt6a5tihnQaxM7R3UpaIa4mbymBlQkjy6ct3F1-c9YJFoi2eVSqatr_6wFpW8nZ3x3XhFdJbYbZodbqYxqf0ysskRriQ4JlowZ",
    "id_token": "eyJhbGciOiJSUzI1NiIsImtpZCI6Ijg4NDg5MjEyMmUyOTM5ZmQxZjMxMzc1YjJiMzYzZWM4MTU3MjNiYmIiLCJ0eXAiOiJKV1QifQ.eyJhdWQiOiIzMjU1NTk0MDU1OS5hcHBzLmdvb2dsZXVzZXJjb250ZW50LmNvbSIsImF6cCI6IjEwMDUwMDQyNjExMjUzOTUwODc4MCIsImV4cCI6MTc2MTU4MjYxNywiaWF0IjoxNzYxNTc5MDE3LCJpc3MiOiJodHRwczovL2FjY291bnRzLmdvb2dsZS5jb20iLCJzdWIiOiIxMDA1MDA0MjYxMTI1Mzk1MDg3ODAifQ.b_sL3Q1bMAcW27SrAyubyEzvk0UzUSpubo9T2vkFznyPxsQbo6NffnJN0rFjQxFS36XQmBZrZbFICwdSASut-oRRJuVDrMwS8z6ocfefmoyYOwiESQMqhz1X_nqgGN9p5NOGXfcpjYQQui9VHdd0GKHD1pOeH0IZZlYtpBT5m5IItPs9NVRni8czBqqVfNncBAf3AAFEbanlO15fQFwm2BG2VU82AkDJnmrPxH3lnhVgmlejj4lvs6wH7-zBmrdEignuYg0z9Erk-IjuHF6ILu4mXc7vrxpMz-9GjujOTY0O5ZeQHxS4ykxD6EU_D4yk1NFITBYkY2Pcg56WIfe1tQ",
    "token_expiry": "2025-10-27T15:42:55Z"
  },
  "sentinels": {
    "config_sentinel": "/home/jupyter/.config/gcloud/config_sentinel"
  }
}
2025-10-27 15:30:17,566 INFO     ___FILE_ONLY___ 

2025-10-27 15:30:17,575 DEBUG    root            SDK update checks are disabled.
