2025-10-02 13:44:25,792 DEBUG    root            Loaded Command Group: ['gcloud', 'config']
2025-10-02 13:44:25,971 DEBUG    root            Loaded Command Group: ['gcloud', 'config', 'config_helper']
2025-10-02 13:44:25,974 DEBUG    root            Running [gcloud.config.config-helper] with arguments: [--format: "json", --min-expiry: "1800"]
2025-10-02 13:44:26,456 DEBUG    google.auth.transport.requests Making request: GET http://metadata.google.internal/computeMetadata/v1/instance/service-accounts/418625495185-compute@developer.gserviceaccount.com/?recursive=true
2025-10-02 13:44:26,502 DEBUG    urllib3.connectionpool Starting new HTTP connection (1): metadata.google.internal:80
2025-10-02 13:44:26,504 DEBUG    urllib3.connectionpool http://metadata.google.internal:80 "GET /computeMetadata/v1/instance/service-accounts/418625495185-compute@developer.gserviceaccount.com/?recursive=true HTTP/11" 200 154
2025-10-02 13:44:26,536 DEBUG    google.auth.transport.requests Making request: GET http://metadata.google.internal/computeMetadata/v1/instance/service-accounts/418625495185-compute@developer.gserviceaccount.com/token
2025-10-02 13:44:26,553 DEBUG    urllib3.connectionpool http://metadata.google.internal:80 "GET /computeMetadata/v1/instance/service-accounts/418625495185-compute@developer.gserviceaccount.com/token HTTP/11" 200 871
2025-10-02 13:44:26,570 DEBUG    root            Chosen display Format:default json
2025-10-02 13:44:26,571 INFO     root            Display format: "default json"
2025-10-02 13:44:26,808 INFO     ___FILE_ONLY___ {
  "configuration": {
    "active_configuration": "default",
    "properties": {
      "core": {
        "account": "418625495185-compute@developer.gserviceaccount.com",
        "disable_usage_reporting": "True",
        "project": "warm-access-473514-i7",
        "universe_domain": "googleapis.com"
      }
    }
  },
  "credential": {
    "access_token": "ya29.c.c0ASRK0Ga8B7UlZzGs3SVcJvbXlKTNiTqeouJMtDE3x3a0AP18qdp6yaW-BQ97ub7-DUjitS3YCmnqgHZ4snxn8Pjq72_12l2CASHSazPmQpfvKLtrvcT36yWkr78wql5Py8yUd9f3sjFYqGPMDapBBrD3LJhceSjxdyapaQC3idpZWYJ-7vrF0HKkg-zWsBhraXEE16GWKIsW64f2BVOyBVt0eTBWJx2vD5QB5Uj1ZGY_hM5_hVK25zQbMNGR_fDlQ8h4lHBcRuLZKiZG9CN3YBpWDbyXkN7SgBlZRlHE8_HEv1fG4yAh-bwPo9zJmkqyJJ70UwFg0yiv709K1JHHLVibHSDWc61KO5HNfAgo97fgTXPvVbSByavjH_faFfDZmoevoMcXuFjGlMcXvRUidAG415At4jlQXapxM3Bl579qQvQQifhqqrhJXJQYU0kdvYMf2maWtihbmudjF2UYqsQ3mJfeJ1XWrefgIzQXohdUynFtSSIayjacxoBJYRoe25-R42t2y9UFWiQ3p8kg3tylOj57Uguw73Fik1XkzJi2aOh_cVUg5h2Rbfoxs2fRU2SS397bggw6Mttzz5d51p-8FnRckg21ynV5x50hF37o1u840b9z4r9RpZs78WVchqFt07bqxhOYwUiBj829kl46Zgw4fy60MJasm-61wZw6V6p2sjyI71lQIc_Mj_frpynwX9-p73YsMVzh-jyRqSVZ0zYswtS4ZQvOzpqZf60iUfgvyV_85zefbo-0zVtQXy6Yyqz6Frohjb90Z1FFUpOv6az_0IbjqpYeFdybeeyF-uYxVsp5U9lqvQWtsJt8RqYUgX8q112mXseuUxmy0feOvqJix_Z_pt0fnMlhoRvjB5JQYmjZgx45FSuIQxXUft_xkJ0S2Qwxmma2xBpy8nXlen_jn6OSVwZRuaVSJQrWt2iuFS1_f700-O3j48bair37UWbnxr1VsWFe2f0lJrqYp55-Vs_uhFk--Ic3SiatWIQXix477mq",
    "id_token": "eyJhbGciOiJSUzI1NiIsImtpZCI6IjE3ZjBmMGYxNGU5Y2FmYTlhYjUxODAxNTBhZTcxNGM5ZmQxYjVjMjYiLCJ0eXAiOiJKV1QifQ.eyJhdWQiOiIzMjU1NTk0MDU1OS5hcHBzLmdvb2dsZXVzZXJjb250ZW50LmNvbSIsImF6cCI6IjEwMDUwMDQyNjExMjUzOTUwODc4MCIsImV4cCI6MTc1OTQxNjI2NiwiaWF0IjoxNzU5NDEyNjY2LCJpc3MiOiJodHRwczovL2FjY291bnRzLmdvb2dsZS5jb20iLCJzdWIiOiIxMDA1MDA0MjYxMTI1Mzk1MDg3ODAifQ.YiwQ3fShLEq1aFdAT3ONyqqttFY1fMKH7bgn6w_X0VMFsbJ1BKTsbfXrdBCmI3p-kNkH8oM1LTTdmtwma8RgUmtcnD7YnhRoJtk7Ke5XaG6539spzlcby3mVwl9Dl5dPvvGJe9xfgMKfeA2nLrO3at_ab4wH4y6aoPX2BaxQGTvvd--_GUlzcmpMAcFQv4XlxFclHc9VrlBT7rEmd4PkC3J3Rnnck0PtBpFI6X5R72STPceC0gD7vPP7k76kj7s8JmLC8tzQ2-jCFgRFFWPKTgj_w_EYY-2-mhCZwFH1JTWO6Ajk6OQ94e2DLvn3GU8iLFpKSHYCLo6nooiCZy0mcA",
    "token_expiry": "2025-10-02T14:44:25Z"
  },
  "sentinels": {
    "config_sentinel": "/home/jupyter/.config/gcloud/config_sentinel"
  }
}
2025-10-02 13:44:26,809 INFO     ___FILE_ONLY___ 

2025-10-02 13:44:26,818 DEBUG    root            SDK update checks are disabled.
