2025-11-12 14:36:47,621 DEBUG    root            Loaded Command Group: ['gcloud', 'config']
2025-11-12 14:36:47,804 DEBUG    root            Loaded Command Group: ['gcloud', 'config', 'config_helper']
2025-11-12 14:36:47,807 DEBUG    root            Running [gcloud.config.config-helper] with arguments: [--format: "json", --min-expiry: "1800"]
2025-11-12 14:36:48,301 DEBUG    google.auth.transport.requests Making request: GET http://metadata.google.internal/computeMetadata/v1/instance/service-accounts/418625495185-compute@developer.gserviceaccount.com/?recursive=true
2025-11-12 14:36:48,370 DEBUG    urllib3.connectionpool Starting new HTTP connection (1): metadata.google.internal:80
2025-11-12 14:36:48,373 DEBUG    urllib3.connectionpool http://metadata.google.internal:80 "GET /computeMetadata/v1/instance/service-accounts/418625495185-compute@developer.gserviceaccount.com/?recursive=true HTTP/11" 200 154
2025-11-12 14:36:48,412 DEBUG    google.auth.transport.requests Making request: GET http://metadata.google.internal/computeMetadata/v1/instance/service-accounts/418625495185-compute@developer.gserviceaccount.com/token
2025-11-12 14:36:48,415 DEBUG    urllib3.connectionpool http://metadata.google.internal:80 "GET /computeMetadata/v1/instance/service-accounts/418625495185-compute@developer.gserviceaccount.com/token HTTP/11" 200 871
2025-11-12 14:36:48,432 DEBUG    root            Chosen display Format:default json
2025-11-12 14:36:48,433 INFO     root            Display format: "default json"
2025-11-12 14:36:48,671 INFO     ___FILE_ONLY___ {
  "configuration": {
    "active_configuration": "default",
    "properties": {
      "core": {
        "account": "418625495185-compute@developer.gserviceaccount.com",
        "disable_usage_reporting": "True",
        "project": "warm-access-473514-i7"
      }
    }
  },
  "credential": {
    "access_token": "ya29.c.c0ASRK0GZszP4FAaP6QcTgPqBUHjhbnveYhzn7xdBYOuR86oZEQH-fV38HspeKpEQyimT98fXgbhCcfU50QzFKCfdcGkhqcmQnB_M69dSVdBlAX12WFDsgTEiXyvuQweB81JBJcwOxXSMP50a5Xj3qCwj_MvCcA57ui-7gIfOPENCSDySHSIr0EF4Nxm_yTOr1Fq-s4J7DEmDHQU6LOasrNAf06lCrB0pmTl2Q1Pi1bIkNZKwtBv-5VUQYAS0MJKi15lxOd0miK3UTZHtPDfb9dP-zxAqyxp5uhLH5bd_wiFwzMgOnRu7_bcxFKk4N_DlswkIDxpQHqYbIlKu6s3BWiyoWEmxgFpyhvuSaprt9RcrDGOJYbQ7RTxDdzcWfmk7vwMWb_zxSj6_BhfbvDgL411AW0movhW4eyX300M5MgpXu5er-6-O-aYb4mjpj1l9xQeattvnjt7nXnORsFfy3sVvYfzVjO8Uuztvrp9rZ0jqvga2lh407Iy_w81UU5pktwkXZwjkRh_-e41O9B6u8z9iviSp1sr9VuqRI6hcfjY4SpUzQM_Rl0w4xYUzSv88epQrp0Y7yu9mtX0gQ4-hYWF935-WMJdvJsj5-oh0jzSZSepsszIVROXocOtmmfpZUQI9ng_tQbYJlixJVw3uQV7XS2FxxUS5qc81Ijj1zzeiSpb7xnb6BQ0ucZb_QByW8IxBMmwIJW6B7o1fIiB3lhaWvgasmO6k6JBtBkcO8d6OeqIwlQM3gg8Fgdto7mj30laB9whbw_8Xutmn9-pgOb8Q8vrB_-43hFRRZI5-k1ydfqozmBcMeg9JuR9S2kMrRQkece1gamZ8ivrt7rY_v7F-3m_lSaietZ6MIsYcdyqfz5Zm7SXmv_ySevnRYjeo4x-URt7FqyztUp1eudqtqV18bU4hesrnpf6R6_Sbn9_yxO17WmmXdnVfvXyssyr5f1n_ag3iiFItaJ8JX2bcFV4MV2mkdOl6bY5e2x-sZzhy14kkFRwXSO5w",
    "id_token": "eyJhbGciOiJSUzI1NiIsImtpZCI6IjRmZWI0NGYwZjdhN2UyN2M3YzQwMzM3OWFmZjIwYWY1YzhjZjUyZGMiLCJ0eXAiOiJKV1QifQ.eyJhdWQiOiIzMjU1NTk0MDU1OS5hcHBzLmdvb2dsZXVzZXJjb250ZW50LmNvbSIsImF6cCI6IjEwMDUwMDQyNjExMjUzOTUwODc4MCIsImV4cCI6MTc2Mjk2MTgwOCwiaWF0IjoxNzYyOTU4MjA4LCJpc3MiOiJodHRwczovL2FjY291bnRzLmdvb2dsZS5jb20iLCJzdWIiOiIxMDA1MDA0MjYxMTI1Mzk1MDg3ODAifQ.QS3NRrVAO2vk9QssXOowiLNM31K1eYcqkVkNoFjlKCL9uGJQwfmrBclRW3sAwJYLV6dEOzHKoixcu07EiTqKohAE8vSUboMwbtd6hqVylG-equRqJylc7iIkrlNG4aJhG98VzYNr_SZD6cQiNXdWzAzIqzT8QAMCsMVCQ8UzEz-bf948iOGYvlceBjIh2S-Ywl0eaLU_esFT80jS_ZSwiSYMfsXw3xD-BmbCjGVnczQl--LqN0J30qKUhGhyMVT98GgPsVJcV8IF3LoeHGM0Qqgx-JllhYdXUv2leUd3fRToJqn1lQz-BZfk6G7ZS9ImDExfY30RteQYPYTp9-vbzA",
    "token_expiry": "2025-11-12T15:36:46Z"
  },
  "sentinels": {
    "config_sentinel": "/home/jupyter/.config/gcloud/config_sentinel"
  }
}
2025-11-12 14:36:48,671 INFO     ___FILE_ONLY___ 

2025-11-12 14:36:48,681 DEBUG    root            SDK update checks are disabled.
