2025-10-10 06:08:56,798 DEBUG    root            Loaded Command Group: ['gcloud', 'config']
2025-10-10 06:08:56,815 DEBUG    root            Loaded Command Group: ['gcloud', 'config', 'config_helper']
2025-10-10 06:08:56,819 DEBUG    root            Running [gcloud.config.config-helper] with arguments: [--format: "json", --min-expiry: "1800"]
2025-10-10 06:08:56,974 DEBUG    google.auth.transport.requests Making request: GET http://metadata.google.internal/computeMetadata/v1/instance/service-accounts/418625495185-compute@developer.gserviceaccount.com/?recursive=true
2025-10-10 06:08:56,979 DEBUG    urllib3.connectionpool Starting new HTTP connection (1): metadata.google.internal:80
2025-10-10 06:08:56,982 DEBUG    urllib3.connectionpool http://metadata.google.internal:80 "GET /computeMetadata/v1/instance/service-accounts/418625495185-compute@developer.gserviceaccount.com/?recursive=true HTTP/11" 200 154
2025-10-10 06:08:56,984 DEBUG    google.auth.transport.requests Making request: GET http://metadata.google.internal/computeMetadata/v1/instance/service-accounts/418625495185-compute@developer.gserviceaccount.com/token
2025-10-10 06:08:57,007 DEBUG    urllib3.connectionpool http://metadata.google.internal:80 "GET /computeMetadata/v1/instance/service-accounts/418625495185-compute@developer.gserviceaccount.com/token HTTP/11" 200 870
2025-10-10 06:08:57,030 DEBUG    root            Chosen display Format:default json
2025-10-10 06:08:57,031 INFO     root            Display format: "default json"
2025-10-10 06:08:57,162 INFO     ___FILE_ONLY___ {
  "configuration": {
    "active_configuration": "default",
    "properties": {
      "core": {
        "account": "418625495185-compute@developer.gserviceaccount.com",
        "disable_usage_reporting": "True",
        "project": "warm-access-473514-i7"
      }
    }
  },
  "credential": {
    "access_token": "ya29.c.c0ASRK0Gbp79BC_qzBZ4GkX6f7O2_Bb5jsP-xsLo7yvzpeRu2kOFposFqkT7poAUpFcz1Eo24KkllYCLXmVyxl_ds74O0RJ20TQKW24ZjzfoPnAZGtvhuTlCBcNmwqyhSoUFtiGlwxavUlA7-c3uNDQ95iVZhsw-wyKg2qhdu-A98ETGhODhdXcWqbaPjZSkBxE7i2q-Dm5lKXdhG8oJ4_EhbvQ0MXUoX_vK7uo46MvWXKCzoXH5Shj4tjaUTfSdAJy0oQ3wTJWVyGQ9I-n3KPqnPSFrmsCT4_TnrEK7S6nN4tU04IxOm3IrFa6u-91StAMYBqZLP-c249PhM--mOCcT0WI8ds36u73mEKFFxudd5lQmAqGrGyydF6V61GriQLYDm9H_fLH02QYO82GMRPG413PIxelmJicaiUQvYwUBJFJ5c9v85e7_4a55v3rIF7VIr4zv8jw7okIznOzzhYsIYg5ZSYjMSpOawkQUcjqUyioc_8BFJ6sRJzMsFu_z5ltdJQ55ef50-IrcaRI8-r9UjhJr3cWJsZxaq5yy_QQhdYq88rpQQOjx2YI5sxtapIR7p0fX5qQuZsf9ZBvrsiUrJFmI2usudxmhwa_xmkrbQSv-z_d0qM4sk5t10uOtIgIdd21BWW-ROOXcvxuezeyxccaV3bcxfhJlSJx3kVF59qel_Y7boS3IzpXpkcwY5vg6Q0z83aZIItFw4mbs6xR2Sotxiykx2sURwj7Osg46pd3aOW-Yckd4IRtjyrQrFze0zYovYXUjvcs4FkIi2fbVfFMoOuWgJa7yUQXmigqvsv_i-yloMuY3i8e6sURywxfzp3O9s7hUjrZdm6sY_wWlV2QOZmIMwwvem2gxSa2Yjo-8UziYgnx-UmzbwBe6aM_ZRJosyXOYMl3871O9x6xJUfffQ56p1S4QB9BvW-aegusnYxkrIb0Q0u5YOqh9hbVxk4hXrmu8VRreUcbz4kx-q13Mddqk1-I-9-Jl8w7F6awcdSaz4cnkc",
    "id_token": "eyJhbGciOiJSUzI1NiIsImtpZCI6ImM4YWI3MTUzMDk3MmJiYTIwYjQ5Zjc4YTA5Yzk4NTJjNDNmZjkxMTgiLCJ0eXAiOiJKV1QifQ.eyJhdWQiOiIzMjU1NTk0MDU1OS5hcHBzLmdvb2dsZXVzZXJjb250ZW50LmNvbSIsImF6cCI6IjEwMDUwMDQyNjExMjUzOTUwODc4MCIsImV4cCI6MTc2MDA4MDEzNiwiaWF0IjoxNzYwMDc2NTM2LCJpc3MiOiJodHRwczovL2FjY291bnRzLmdvb2dsZS5jb20iLCJzdWIiOiIxMDA1MDA0MjYxMTI1Mzk1MDg3ODAifQ.VlCI0SnS15t7bP1rE2zw6rN115KxYfG7JqvIMgSyv0wjW-QiAZv2zrHafpsyyh07opS6UdDPIRrhSDaZVDNKlIqkexhm_wVyyWmggg7Fjit3O4oxqjmA-uoMFIgLrCGONVZKu71b22oq20IO9jU3v4lUrfNp_-0TJMK_qx1xASv4FCGRFtvTz_IzWSXMibOSESISr-FzJ7idOhV7k6mwI3oLAAu74QhgZO3jAvESQCNj8en7vpzg_gcpGwFpnVN3A6YqVVw5UREkujrWp9vqYdn6x-3GpVhr4vungu_TbSpILuZZv9vqklslW75iT38FXebWMFCAM2qeq6blsrl4dA",
    "token_expiry": "2025-10-10T07:08:56Z"
  },
  "sentinels": {
    "config_sentinel": "/home/jupyter/.config/gcloud/config_sentinel"
  }
}
2025-10-10 06:08:57,162 INFO     ___FILE_ONLY___ 

2025-10-10 06:08:57,173 DEBUG    root            SDK update checks are disabled.
