2025-10-10 09:58:34,002 DEBUG    root            Loaded Command Group: ['gcloud', 'config']
2025-10-10 09:58:34,021 DEBUG    root            Loaded Command Group: ['gcloud', 'config', 'config_helper']
2025-10-10 09:58:34,026 DEBUG    root            Running [gcloud.config.config-helper] with arguments: [--format: "json", --min-expiry: "1800"]
2025-10-10 09:58:34,176 DEBUG    google.auth.transport.requests Making request: GET http://metadata.google.internal/computeMetadata/v1/instance/service-accounts/418625495185-compute@developer.gserviceaccount.com/?recursive=true
2025-10-10 09:58:34,181 DEBUG    urllib3.connectionpool Starting new HTTP connection (1): metadata.google.internal:80
2025-10-10 09:58:34,184 DEBUG    urllib3.connectionpool http://metadata.google.internal:80 "GET /computeMetadata/v1/instance/service-accounts/418625495185-compute@developer.gserviceaccount.com/?recursive=true HTTP/11" 200 154
2025-10-10 09:58:34,187 DEBUG    google.auth.transport.requests Making request: GET http://metadata.google.internal/computeMetadata/v1/instance/service-accounts/418625495185-compute@developer.gserviceaccount.com/token
2025-10-10 09:58:34,211 DEBUG    urllib3.connectionpool http://metadata.google.internal:80 "GET /computeMetadata/v1/instance/service-accounts/418625495185-compute@developer.gserviceaccount.com/token HTTP/11" 200 873
2025-10-10 09:58:34,233 DEBUG    root            Chosen display Format:default json
2025-10-10 09:58:34,234 INFO     root            Display format: "default json"
2025-10-10 09:58:34,358 INFO     ___FILE_ONLY___ {
  "configuration": {
    "active_configuration": "default",
    "properties": {
      "core": {
        "account": "418625495185-compute@developer.gserviceaccount.com",
        "disable_usage_reporting": "True",
        "project": "warm-access-473514-i7"
      }
    }
  },
  "credential": {
    "access_token": "ya29.c.c0ASRK0Gad8WD-SKxdJ06oeNEi4CK2-qX636SUv6BJwcl9gTwlyluJXHXbnpe25qcThsJg-uC4Jsjr0Sm9xAnxnGAL7b4HcVdb1NJFbCJj02_40FjQV8qb52D_H4mAjawue4FRYUqi1LPUaE3xTBo9XjPAMwGHbAUqD8dkg2_epUbIkzReVfINBSGfkBzlIy4Ihy86BPyqZ0fXhRJh6h0vx4diC5mb1On5RBdgdoSPJQ5av_PS2fhK1cgB5CyykTwOFQGPqo2pmVQW1ozZNjvZV6O3zP9kJPQWFabKD36GKB0iRevbw_DDRzrK3mDtdzu26muygKebgDzWaUtjZJSaPY6KRwmWiTFcxZn3_-EHBM0qqBNJgM7wG_zHFGCds_Y2f232KfOpla_1C5C19oABsgT415DcSn61yrX1gvxtUm69qejIzvYMFwgzr2V6eBs9FzelvbX2zmBkRfJqdIWUqfYt4WByZx-i_RtJnrdBfYWs5Rnnx2ahZRQp0jazmnY6Sb72lxbadxsmYp9rkY5q3hyfUmfWJw8Rat-SspJYp8j4YMrrrsu1yznebJBg9RZIoviyO78QZuo837xuZsOt3rdrlq-jvizrYr5I05F7mtguj0qgx2-Ik7hU2av8VBY9JdiJ4zYtkd0hwjVisgmt8JyUOyMokRmnpOr70tVJaRmqnY56r05F99cy8aalw6s2fBxmzZMbdQy-t0RtV_5r5e-t1_avje8eV-Vfdb1stpQZJq5ZFYfkkQjvl4rZ56kwvk6g28vnqF_VvYfs4Z3-iJMX3W9V6_FB82RpysVwiZh1hiatfJ3FMsFfM9XZXzIBuZwXfFgk7joxtz0dVkhQO61Q-Zaxuf_rUfdwrqMBq1_e3qRo00V535XSw6Roj9jBFgmX1oFvOUzMjhBnUBkcIyq5zbyc8wBqfaFuiOJRkRq9XtnQl-cZ4vdtfJpJb5W4-d4MRFMR_ffqy6Xbr-twV2qM4VFXi_V8I-imm7XyiSiIXxBvb43j6XX",
    "id_token": "eyJhbGciOiJSUzI1NiIsImtpZCI6ImM4YWI3MTUzMDk3MmJiYTIwYjQ5Zjc4YTA5Yzk4NTJjNDNmZjkxMTgiLCJ0eXAiOiJKV1QifQ.eyJhdWQiOiIzMjU1NTk0MDU1OS5hcHBzLmdvb2dsZXVzZXJjb250ZW50LmNvbSIsImF6cCI6IjEwMDUwMDQyNjExMjUzOTUwODc4MCIsImV4cCI6MTc2MDA5MzkxNCwiaWF0IjoxNzYwMDkwMzE0LCJpc3MiOiJodHRwczovL2FjY291bnRzLmdvb2dsZS5jb20iLCJzdWIiOiIxMDA1MDA0MjYxMTI1Mzk1MDg3ODAifQ.Un-Ew-iDunLgO55zwO_9smfmtaeXqoDf9ruGxgjmM5kiExvNBiT6x9tX6bUMTQtyiNu6cx2SB3ncLCXQOaIyTBn3u5nLBydi3MthmF-LscOMAK12EQ-gJrsePKz1fhS4yXiNMODzbZmXj98n7uKaOzyfsYx3wXKNZdKrrc8dmsQ8ggOkhDaSEU8qvL33tzb021wOwJf93v2aRNn0A4o5M5S-G5MYYV86RWWLiV93S80p1DmS6Bxpjf7RijZfhOsWwTSjRU-tn5k7xDWbQLY4IzGw8vZEZpZHPfv9R3qKCV3ArPKWLS4XpUqmY3gUE8mnJ730sFxFEcm2ciuwjHQOOA",
    "token_expiry": "2025-10-10T10:58:33Z"
  },
  "sentinels": {
    "config_sentinel": "/home/jupyter/.config/gcloud/config_sentinel"
  }
}
2025-10-10 09:58:34,359 INFO     ___FILE_ONLY___ 

2025-10-10 09:58:34,374 DEBUG    root            SDK update checks are disabled.
