2025-10-05 06:12:51,474 DEBUG    root            Loaded Command Group: ['gcloud', 'config']
2025-10-05 06:12:51,626 DEBUG    root            Loaded Command Group: ['gcloud', 'config', 'config_helper']
2025-10-05 06:12:51,630 DEBUG    root            Running [gcloud.config.config-helper] with arguments: [--format: "json", --min-expiry: "1800"]
2025-10-05 06:12:51,946 DEBUG    google.auth.transport.requests Making request: GET http://metadata.google.internal/computeMetadata/v1/instance/service-accounts/418625495185-compute@developer.gserviceaccount.com/?recursive=true
2025-10-05 06:12:51,960 DEBUG    urllib3.connectionpool Starting new HTTP connection (1): metadata.google.internal:80
2025-10-05 06:12:51,963 DEBUG    urllib3.connectionpool http://metadata.google.internal:80 "GET /computeMetadata/v1/instance/service-accounts/418625495185-compute@developer.gserviceaccount.com/?recursive=true HTTP/11" 200 154
2025-10-05 06:12:52,005 DEBUG    google.auth.transport.requests Making request: GET http://metadata.google.internal/computeMetadata/v1/instance/service-accounts/418625495185-compute@developer.gserviceaccount.com/token
2025-10-05 06:12:52,008 DEBUG    urllib3.connectionpool http://metadata.google.internal:80 "GET /computeMetadata/v1/instance/service-accounts/418625495185-compute@developer.gserviceaccount.com/token HTTP/11" 200 871
2025-10-05 06:12:52,028 DEBUG    root            Chosen display Format:default json
2025-10-05 06:12:52,029 INFO     root            Display format: "default json"
2025-10-05 06:12:52,243 INFO     ___FILE_ONLY___ {
  "configuration": {
    "active_configuration": "default",
    "properties": {
      "core": {
        "account": "418625495185-compute@developer.gserviceaccount.com",
        "disable_usage_reporting": "True",
        "project": "warm-access-473514-i7"
      }
    }
  },
  "credential": {
    "access_token": "ya29.c.c0ASRK0GYiWWgfnVclFzPiTSeSZYRjxpPM5ogoR90QfxNlCEGtV-YW1019LaYPJbMrOeXqbjif3FvXNeuZy1v2pIgTzDSo1oCPGA4rHhdohdBYoShNghLeNpc_Eir7n_LnzQ0mEZQOrF1pG--Jbra3e25h3hoMsAWj9V4P7MUEsjDPhVhskKcDBciyc4NpCLTlmeLBLd323J5TZ1K-HX-tF2ZVM5oHKFe39jxop1B-XB1bdijv0qsMqK6pNT63CsJ7BiPi6zy0tNcXWrodoVuHJc6jGwjUx_4ominp-2ct8oERLrR9CZSU-97sA8OXVpPE0o_IGZmDmH23-UsFgSfCdlR2fC5M-fYazalDvJsI61dFzPDZAMO-QuxnSJvS3il2OCtICK63QecP5SJ5A2vvKAG415DXpuuQzre0Oc5zkX0Oj4di_U23gOBW0nvckahzg78IhwkO0c2j_7bqShFIs84FrnlFzwnhgb5cYgrJ8zIkb796QS2ZF6YW52umRQiM-lu7Qo854Rxy4rM07y88WjYolf93FuIFioQttYv0Ogwd9vykw0UIuSMtd7iOFVUk1-yBI5ioR9ihR98lvZ4ZJ0RYu6dw1bl169-nZkM03mkdU-SY53X8cF2hfQsBXFWX3nl3kg-R9U6mfW_tqtQVtnMkX4ig_3Rsa7cp2efFMtiwv6MIgtBSpxQStVzhUOq49Ukcs03xmWlvyipm0-Zr8hIUmRoopmB-7osb1-Wuea7hq007o5wSc4op9sJ-R8Rnuz8cSS0x1rm-SF5UB3qWFW34QqkXk3Jwo-6ihUxWYg73lBJ953mn6qivpuQ5-OOI3476sV1BfQXBxbzqtBnobuu797oSxs3BZ3J70OmvuYXVRm2-jwOO6ye86z_0w41XRniVg7BUafIl_B_q72QWMssF972mbvrWj53p_4a5YeO4IO19Mrs-5gt1hYJxIe4xVWvXyXozZXRJpb5YZZqQSpjy_vI5jWM-byWuw7dYgf-I8x3vuumtae4",
    "id_token": "eyJhbGciOiJSUzI1NiIsImtpZCI6IjE3ZjBmMGYxNGU5Y2FmYTlhYjUxODAxNTBhZTcxNGM5ZmQxYjVjMjYiLCJ0eXAiOiJKV1QifQ.eyJhdWQiOiIzMjU1NTk0MDU1OS5hcHBzLmdvb2dsZXVzZXJjb250ZW50LmNvbSIsImF6cCI6IjEwMDUwMDQyNjExMjUzOTUwODc4MCIsImV4cCI6MTc1OTY0ODM3MSwiaWF0IjoxNzU5NjQ0NzcxLCJpc3MiOiJodHRwczovL2FjY291bnRzLmdvb2dsZS5jb20iLCJzdWIiOiIxMDA1MDA0MjYxMTI1Mzk1MDg3ODAifQ.Q0fJ7wZtxqM0mpcvvsG8c68iZQu1orxostrlU0wRBRnxOI3H1OovCag8icFAejat5yBi-CjjWOX8SpUXtKzHmCT7tvjE4snHW35rjE0KmDBqWYVanSpzhx8Xn8s6e8oLhQFw9LxUxhA8aZkfnvbsPIouHIEC_DGCzETOfl6p-kbGAXS4YyekEUA_SwOAnZht1yLaarwK61ZKEh_p2fBmOpvFUEeFSjMzR3LtY-4xLQ0tZNahkr703XhAR7JF6lSW-JwZArI9Or6goAhy-JBBHzNgnMqd-Fz8rnHp1g-r8CMd0LGVB0Vbl8uz-SppGirZuQ0P36F3nn9IImMILzXUjg",
    "token_expiry": "2025-10-05T07:12:27Z"
  },
  "sentinels": {
    "config_sentinel": "/home/jupyter/.config/gcloud/config_sentinel"
  }
}
2025-10-05 06:12:52,243 INFO     ___FILE_ONLY___ 

2025-10-05 06:12:52,254 DEBUG    root            SDK update checks are disabled.
