2025-11-16 15:30:12,592 DEBUG    root            Loaded Command Group: ['gcloud', 'config']
2025-11-16 15:30:12,726 DEBUG    root            Loaded Command Group: ['gcloud', 'config', 'config_helper']
2025-11-16 15:30:12,731 DEBUG    root            Running [gcloud.config.config-helper] with arguments: [--format: "json", --min-expiry: "1800"]
2025-11-16 15:30:13,196 DEBUG    google.auth.transport.requests Making request: GET http://metadata.google.internal/computeMetadata/v1/instance/service-accounts/418625495185-compute@developer.gserviceaccount.com/?recursive=true
2025-11-16 15:30:13,199 DEBUG    urllib3.connectionpool Starting new HTTP connection (1): metadata.google.internal:80
2025-11-16 15:30:13,202 DEBUG    urllib3.connectionpool http://metadata.google.internal:80 "GET /computeMetadata/v1/instance/service-accounts/418625495185-compute@developer.gserviceaccount.com/?recursive=true HTTP/11" 200 154
2025-11-16 15:30:13,203 DEBUG    google.auth.transport.requests Making request: GET http://metadata.google.internal/computeMetadata/v1/instance/service-accounts/418625495185-compute@developer.gserviceaccount.com/token
2025-11-16 15:30:13,206 DEBUG    urllib3.connectionpool http://metadata.google.internal:80 "GET /computeMetadata/v1/instance/service-accounts/418625495185-compute@developer.gserviceaccount.com/token HTTP/11" 200 868
2025-11-16 15:30:13,243 DEBUG    google.auth.transport.requests Making request: GET http://metadata.google.internal/computeMetadata/v1/instance/service-accounts/418625495185-compute@developer.gserviceaccount.com/?recursive=true
2025-11-16 15:30:13,246 DEBUG    urllib3.connectionpool Starting new HTTP connection (1): metadata.google.internal:80
2025-11-16 15:30:13,247 DEBUG    urllib3.connectionpool http://metadata.google.internal:80 "GET /computeMetadata/v1/instance/service-accounts/418625495185-compute@developer.gserviceaccount.com/?recursive=true HTTP/11" 200 154
2025-11-16 15:30:13,248 DEBUG    google.auth.transport.requests Making request: GET http://metadata.google.internal/computeMetadata/v1/instance/service-accounts/418625495185-compute@developer.gserviceaccount.com/token?scopes=https%3A%2F%2Fwww.googleapis.com%2Fauth%2Fcloud-platform%2Chttps%3A%2F%2Fwww.googleapis.com%2Fauth%2Fuserinfo.email
2025-11-16 15:30:13,253 DEBUG    urllib3.connectionpool http://metadata.google.internal:80 "GET /computeMetadata/v1/instance/service-accounts/418625495185-compute@developer.gserviceaccount.com/token?scopes=https%3A%2F%2Fwww.googleapis.com%2Fauth%2Fcloud-platform%2Chttps%3A%2F%2Fwww.googleapis.com%2Fauth%2Fuserinfo.email HTTP/11" 200 868
2025-11-16 15:30:13,283 DEBUG    root            Chosen display Format:default json
2025-11-16 15:30:13,284 INFO     root            Display format: "default json"
2025-11-16 15:30:13,549 INFO     ___FILE_ONLY___ {
  "configuration": {
    "active_configuration": "default",
    "properties": {
      "core": {
        "account": "418625495185-compute@developer.gserviceaccount.com",
        "disable_usage_reporting": "True",
        "project": "warm-access-473514-i7"
      }
    }
  },
  "credential": {
    "access_token": "ya29.c.c0ASRK0GbUIvM7kTLuV5GrbaaPQOUudU8sbP569MOoFRhFVSk3CISj4sctasU0yxtwXZpSKcJSdAbMoQXJbyOWwPr8xUTHhN5CYEmFCsPsKfl7ZTnzK8RgktBh7SKFh4XbLvmqkyNufqNOz6azmi3yipDYPrXLjObzx2_9u3Tguk0ES1afY9mahYXGXX-JLhLwOe-2UODYkQpZY9Lt5BKAn3aDbb3UyO12Gg7zu9RjS6UKEh6KlgWYJxI4YDUTMT-Y5olliy8Sjnq3yzxRAf8zeS1HRUGCrfFSBIB5sZXq80LlxdIwL06GpkIaKiuP5TD5PEL0Mpyeqdacum9Pc6pzu08tjE79yYU0_kM_dG5d5Woaq7nDEjcA1pVuZ6GUxxEpXg0sC6b8Tlqd97pXYZBkN413A45UOnv-1t3VsgWf_qmr54h4ejxVOWJdSkk4Ji_sJyRUmSx0zhIr9Fy4f0cQk1BQY-nizIsj71Wc1Jsy-zjc7pqcYcs7vktb8Xqdu_q0ag8sb2d24M6q70u4rkbaUZVSXBoZ-Uaxpsa9bvzVi81M09eplBtkqexOhrWafi15UY7l5w9eUcbJ_O9_oy2vQRao2m7xue60jSe4yzioF7Mik2xne5aFhwugSpMYJ6iB4WqwBYc8QogoyOeQId_F2ZIZ2ykkYs_aWMyytjfUgxOuWSb6pRolSm9k2zuuygUM6bZR6Je3Oa96zMebgU51QlkvvVS9Im_t43uvJeI5-2zmS-ozMqoRY55mIzi5ZBOh0RRr-afI3jiQBb5pOlvMfV8c0pYWBuOzpUU36kdIwJB4ce5on1mgZ5Bai_1UXla-vqIU88mjkt1hM8-bt6vnw6vidUfFuUBwnkX-qrssn4xVrxhO6_q5inntt-xfSdZRx3doihtqttUhMuZu59ecBff6oWy-nigyJzs9xY3wl888ZVQ_0uXXYpRvI8oxIOi85VtZXwQl4m0_wolRZQ6XoybZe89l_R2_x12r5Qylb8QaZfhhomrtdkw",
    "id_token": "eyJhbGciOiJSUzI1NiIsImtpZCI6IjRmZWI0NGYwZjdhN2UyN2M3YzQwMzM3OWFmZjIwYWY1YzhjZjUyZGMiLCJ0eXAiOiJKV1QifQ.eyJhdWQiOiIzMjU1NTk0MDU1OS5hcHBzLmdvb2dsZXVzZXJjb250ZW50LmNvbSIsImF6cCI6IjEwMDUwMDQyNjExMjUzOTUwODc4MCIsImV4cCI6MTc2MzMxMDYxMywiaWF0IjoxNzYzMzA3MDEzLCJpc3MiOiJodHRwczovL2FjY291bnRzLmdvb2dsZS5jb20iLCJzdWIiOiIxMDA1MDA0MjYxMTI1Mzk1MDg3ODAifQ.USZY5Zst5QrFbP-ab9v1aHHyCKtAXdVA2tT6SbTz9dzVHcpl2-ORrt2mFlNkk-Myp6zTMldlUZVWwV3shpCWhNF8UWJqnTOAQu8VTNLdQbjKhKmGDtRVUryzjIp0b-qlog78OfHXl2kmPjV_GkUSfIbENA_ahR9rtTwA5v1Rmfoi4XP0-0RmNFIZPXIEucM1ZVoxyEAps79aqnQouDCsnVA7cL9VfoKsSI6YxuofXvELW2gg_xBnjMP1ek3tuBCxebDKBtMI6CGaKjOPr8Yd3xlbN8XN0cv7PJ1zi68AX7wG8_Yo5aLGpC4cjdNLu4Q0n6hQm0gZg9tDxv6TtbelXg",
    "token_expiry": "2025-11-16T15:57:34Z"
  },
  "sentinels": {
    "config_sentinel": "/home/jupyter/.config/gcloud/config_sentinel"
  }
}
2025-11-16 15:30:13,549 INFO     ___FILE_ONLY___ 

2025-11-16 15:30:13,563 DEBUG    root            SDK update checks are disabled.
