2025-10-11 14:01:37,623 DEBUG    root            Loaded Command Group: ['gcloud', 'config']
2025-10-11 14:01:37,664 DEBUG    root            Loaded Command Group: ['gcloud', 'config', 'config_helper']
2025-10-11 14:01:37,669 DEBUG    root            Running [gcloud.config.config-helper] with arguments: [--format: "json", --min-expiry: "1800"]
2025-10-11 14:01:37,842 DEBUG    google.auth.transport.requests Making request: GET http://metadata.google.internal/computeMetadata/v1/instance/service-accounts/418625495185-compute@developer.gserviceaccount.com/?recursive=true
2025-10-11 14:01:37,848 DEBUG    urllib3.connectionpool Starting new HTTP connection (1): metadata.google.internal:80
2025-10-11 14:01:37,850 DEBUG    urllib3.connectionpool http://metadata.google.internal:80 "GET /computeMetadata/v1/instance/service-accounts/418625495185-compute@developer.gserviceaccount.com/?recursive=true HTTP/11" 200 154
2025-10-11 14:01:37,852 DEBUG    google.auth.transport.requests Making request: GET http://metadata.google.internal/computeMetadata/v1/instance/service-accounts/418625495185-compute@developer.gserviceaccount.com/token
2025-10-11 14:01:37,855 DEBUG    urllib3.connectionpool http://metadata.google.internal:80 "GET /computeMetadata/v1/instance/service-accounts/418625495185-compute@developer.gserviceaccount.com/token HTTP/11" 200 871
2025-10-11 14:01:37,884 DEBUG    root            Chosen display Format:default json
2025-10-11 14:01:37,885 INFO     root            Display format: "default json"
2025-10-11 14:01:37,994 INFO     ___FILE_ONLY___ {
  "configuration": {
    "active_configuration": "default",
    "properties": {
      "core": {
        "account": "418625495185-compute@developer.gserviceaccount.com",
        "disable_usage_reporting": "True",
        "project": "warm-access-473514-i7"
      }
    }
  },
  "credential": {
    "access_token": "ya29.c.c0ASRK0GaGwT7Et50I7jN2XsRb78yAJmwpGnA8VePNJqmY_9ePD1en5CaFvQt7gD6ZuMQNmPUFfqZ0VQkX7IPGmZS9uLMNx2TqcQW_lqLEJwDsr0VEmIuQ0txatOmSZOlB1iJ4o08NywsoN8SbpplDfyznSLFcFx4qgPhYl7t2tTzj1N5dFGmJmxuokfrJ9lps1eB2Bpq4CBpAOMSKxKmBl8oy3bLye2MViNL3XTjlEmHe-23Pmfi3DScCVrVDVLehWooXvXBeAA8fv9QVQmQBAAG5HPZVTJCMfc5IOCHHQmQcrXD53Bkyb-5uxUFoUWUEBztjvEZJj387OMlSN11rcfs6ZRaKSx0PCvanTLhJLfRV-C3uOnenbI2mw7eezhi_yaPU7Iml_a64_9Pc-JgjT413PBch7qeghpewp_IBZuV_7uW403hw7qp8uOnrFgUg8Xu0JvcaZQgX2jUk5QuV9Oty9e2U08lsYlfq8IfkbfhFw5ylbJ6tJ-XUo166dfhv6OZybJbb9RrtOr6SW0wsa8Qr0cxuhdjZ-b16wUY-5sFzXv229qxvQs3pjeX8kjvFq3gFBcVvVJWwqofze5nWSz5tpygR3atiFyqa2z5iYbU03lY1X0kg_U2X4g-MXj1w2Y2-F81h7n1k7YqF4fy4Xzai9d45Wp2ebtV_bzaOhjntWamWpbuJo1Sz8m88Fuj8I8qq4RagQ_7ues-5vBhY4kt7ut8lMO6Q5Y-wkXOwJZryR28Rq8bkqJRjjnv3SUVM8Qwo12Ri_xbsJsb5sJtv9hzYeFw_-tR6wivjs8uimbic5WwaQuS8edmwocenWdQBlgi0FtSjFqbcgvU0sRwX_qpn_7BIrYnOaSuXy2ndSk9i9p-1xazey50wV_3bZOp9-I_jf_mfxZzsd4SnWkBlc-u8vFsmjwJoig-vysRgYgZ-bWnMBa56utn7Ixo-8V1jSSafXYxkhbJlMbdqfjxh3oYIZ3FoWwtbOn4Zqm2V0g9gOlwob6BjFJ6",
    "id_token": "eyJhbGciOiJSUzI1NiIsImtpZCI6ImM4YWI3MTUzMDk3MmJiYTIwYjQ5Zjc4YTA5Yzk4NTJjNDNmZjkxMTgiLCJ0eXAiOiJKV1QifQ.eyJhdWQiOiIzMjU1NTk0MDU1OS5hcHBzLmdvb2dsZXVzZXJjb250ZW50LmNvbSIsImF6cCI6IjEwMDUwMDQyNjExMjUzOTUwODc4MCIsImV4cCI6MTc2MDE5NDg5NywiaWF0IjoxNzYwMTkxMjk3LCJpc3MiOiJodHRwczovL2FjY291bnRzLmdvb2dsZS5jb20iLCJzdWIiOiIxMDA1MDA0MjYxMTI1Mzk1MDg3ODAifQ.V9aIAujXjjGit2tMMoVIPbocYM1iXNDsWN271PoVoXpAQT7X2Z8AxPHRjaD7W1-RoGDDh6qAr4TQMSkzp-fC2dSfltZY7dHXfGLYagaMOBqqvlAkVgrBNCStKpxVEKyi38mIkpKluWXMHfCK-PqWuSs5e12-aHMAI-ue6w91ZQdws9sJjRHLOFcrLPkqTp5oSp14GGXLotNdtZ_EM8o4m08Xit8oocXBypjsOYTDkbgHlJVK6x8qyWcs0GdDd-0x2FeIa6FCVavJs4yO_Mqpy0K0OEZGnutgIXa9XVk2CJEe5JNRdIUJDoiIr7ppVX6mdNqx6sloX8I59VzBiAJHQQ",
    "token_expiry": "2025-10-11T15:01:36Z"
  },
  "sentinels": {
    "config_sentinel": "/home/jupyter/.config/gcloud/config_sentinel"
  }
}
2025-10-11 14:01:37,995 INFO     ___FILE_ONLY___ 

2025-10-11 14:01:38,009 DEBUG    root            SDK update checks are disabled.
