2025-10-28 13:04:39,127 DEBUG    root            Loaded Command Group: ['gcloud', 'config']
2025-10-28 13:04:39,299 DEBUG    root            Loaded Command Group: ['gcloud', 'config', 'config_helper']
2025-10-28 13:04:39,302 DEBUG    root            Running [gcloud.config.config-helper] with arguments: [--format: "json", --min-expiry: "1800"]
2025-10-28 13:04:39,752 DEBUG    google.auth.transport.requests Making request: GET http://metadata.google.internal/computeMetadata/v1/instance/service-accounts/418625495185-compute@developer.gserviceaccount.com/?recursive=true
2025-10-28 13:04:39,814 DEBUG    urllib3.connectionpool Starting new HTTP connection (1): metadata.google.internal:80
2025-10-28 13:04:39,816 DEBUG    urllib3.connectionpool http://metadata.google.internal:80 "GET /computeMetadata/v1/instance/service-accounts/418625495185-compute@developer.gserviceaccount.com/?recursive=true HTTP/11" 200 154
2025-10-28 13:04:39,842 DEBUG    google.auth.transport.requests Making request: GET http://metadata.google.internal/computeMetadata/v1/instance/service-accounts/418625495185-compute@developer.gserviceaccount.com/token
2025-10-28 13:04:39,847 DEBUG    urllib3.connectionpool http://metadata.google.internal:80 "GET /computeMetadata/v1/instance/service-accounts/418625495185-compute@developer.gserviceaccount.com/token HTTP/11" 200 868
2025-10-28 13:04:39,867 DEBUG    root            Chosen display Format:default json
2025-10-28 13:04:39,867 INFO     root            Display format: "default json"
2025-10-28 13:04:40,106 INFO     ___FILE_ONLY___ {
  "configuration": {
    "active_configuration": "default",
    "properties": {
      "core": {
        "account": "418625495185-compute@developer.gserviceaccount.com",
        "disable_usage_reporting": "True",
        "project": "warm-access-473514-i7"
      }
    }
  },
  "credential": {
    "access_token": "ya29.c.c0ASRK0GYMNNSxinhOf-_BKQvqzUiLbN9wko09KvQODk7HzsvEb5vcFNOJTaB8v7aXSrwUVOoXVsJtWqYiv3vkMtqISjbPbUp1Id0ywzhsKRheva60jF6ehHzzXAQ4WEVzQNdeS0T2KBKCz0kidimozKQPRnyFAFIoIZZsTKY1ycLrhxGPUPWWHkTtDOdZqzDbzplJrzfm2oqOG5H1vdvqYyLwgKIpB5W2eZGSADT-YeShQAu_Zuo87rkzHB7UaZqCrRF2lGXJAjt0gYdi8qZ39e-TJUAZ3L7DrZnzjkXYlk9gxP631wqR4qhE_y6aUOh1B8UwMYWct1LGsheuyI_j8ifx5CGJhAPooDd6RYSNDpVPI6l1UXEuJVLA8gYDHwZJmIbOjqxqa8Q001nW-76bG413Dukdp4o9kYMvUOcmcb7pbB9jBRY91bQ2vo3ocs6OXVBnm7p3z1x_SpStxdn64phv8y8OJXyBsF9jJ6ZRIYSyym5uz9FR0RFuVO1JaWb_bY_tSwqscrJ4Fszma3sQO-VloIUn7W1ScfRcghI-SOx1_dRsjtiQq4gF8wFZZc9gwzhzOmbfX1jtr9upInnF2Xrs-2jlca6RjY5Oz7J2Vqas0F8vwR3e_aJBdz-cyiOy72BI__0ag0jiZR-r2Xbktm1xWFQ6v5RVRYwJhSyb8wSyFwFuslj6ac9gwb2zliIv00IyJZalu0UQauWzRvoMzlV_uXwRm5mI8p1SqMxBJf3rUOiBfuesemyf4tRM2mtptMmYIQ25d9njuq-8_Z3UoyQjzUI7uy2h2a5MUlRQoq7iVqw0muVwOxjnqavdbg4i72sw9OhnXq-4Q-q38YhRRQfS0rR6veUUO-_M0zcBbXio_b11lIqg2IakYmV8QO2bXJ2bb5ojUcQj4pRYF-nUbrpXZ1-ypwzzUcwU5oeqlfbuI2QIZcFbo6v3n7kR88fgj4BVpWW703buSiro2JF8cRnm_7g_obzuo-53t8q8pm_xgd95orhbrmz",
    "id_token": "eyJhbGciOiJSUzI1NiIsImtpZCI6Ijg4NDg5MjEyMmUyOTM5ZmQxZjMxMzc1YjJiMzYzZWM4MTU3MjNiYmIiLCJ0eXAiOiJKV1QifQ.eyJhdWQiOiIzMjU1NTk0MDU1OS5hcHBzLmdvb2dsZXVzZXJjb250ZW50LmNvbSIsImF6cCI6IjEwMDUwMDQyNjExMjUzOTUwODc4MCIsImV4cCI6MTc2MTY2MDI3OSwiaWF0IjoxNzYxNjU2Njc5LCJpc3MiOiJodHRwczovL2FjY291bnRzLmdvb2dsZS5jb20iLCJzdWIiOiIxMDA1MDA0MjYxMTI1Mzk1MDg3ODAifQ.iFm8x8yqVASVYKEknTqPUYtjXleB9iofPkSpkedBk0kcyU_K_Rdt8wruutWld23ic66W7tbcGnC9qNhZXi-RA-ocLPoJ2d6h9wK6e7bMenf8ndqfwoWUUmfr7zzfPjsDeZQmAeWfxsm675aUDR-ve5Rvi01dqAGuXB4-XbS1VWUIHkdJmJckMtQ392dOPcchiv08UJIqwZe0h706p8HaAh8sQnrACL19yOyGEF-WCOj0nDz6NtcStIP6GZCO3IeMTDQcKhXJzS2exJZjSdTZ3isbgX52DK9I2NGGHv0JzlE3bdDbHsWUGqn5DYLGMsAAL-D1qQQ9Cxer60q-4FDPlQ",
    "token_expiry": "2025-10-28T14:04:28Z"
  },
  "sentinels": {
    "config_sentinel": "/home/jupyter/.config/gcloud/config_sentinel"
  }
}
2025-10-28 13:04:40,106 INFO     ___FILE_ONLY___ 

2025-10-28 13:04:40,116 DEBUG    root            SDK update checks are disabled.
